Log file opened on Fri Jan  5 18:07:09 2018
Host: devtools-devbox2  pid: 11928  rank ID: 0  number of ranks:  1
      :-) GROMACS - gmx mdrun, 2018-beta2-dev-20171220-40f39be-unknown (-:

                            GROMACS is written by:
     Emile Apol      Rossen Apostolov  Herman J.C. Berendsen    Par Bjelkmar   
 Aldert van Buuren   Rudi van Drunen     Anton Feenstra    Gerrit Groenhof  
 Christoph Junghans   Anca Hamuraru    Vincent Hindriksen Dimitrios Karkoulis
    Peter Kasson        Jiri Kraus      Carsten Kutzner      Per Larsson    
  Justin A. Lemkul    Viveca Lindahl    Magnus Lundborg   Pieter Meulenhoff 
   Erik Marklund      Teemu Murtola       Szilard Pall       Sander Pronk   
   Roland Schulz     Alexey Shvetsov     Michael Shirts     Alfons Sijbers  
   Peter Tieleman    Teemu Virolainen  Christian Wennberg    Maarten Wolf   
                           and the project leaders:
        Mark Abraham, Berk Hess, Erik Lindahl, and David van der Spoel

Copyright (c) 1991-2000, University of Groningen, The Netherlands.
Copyright (c) 2001-2017, The GROMACS development team at
Uppsala University, Stockholm University and
the Royal Institute of Technology, Sweden.
check out http://www.gromacs.org for more information.

GROMACS is free software; you can redistribute it and/or modify it
under the terms of the GNU Lesser General Public License
as published by the Free Software Foundation; either version 2.1
of the License, or (at your option) any later version.

GROMACS:      gmx mdrun, version 2018-beta2-dev-20171220-40f39be-unknown
Executable:   /raid/HPC/gromacs/devtools/../build/bin/gmx
Data prefix:  /raid/HPC/gromacs (source tree)
Working dir:  /raid/HPC/gromacs/examples/protein
Command line:
  gmx mdrun -v -deffnm em-vac

GROMACS version:    2018-beta2-dev-20171220-40f39be-unknown
GIT SHA1 hash:      40f39beaaf2cc74b6f6eee7004a1868f3ee54dc2
Branched from:      unknown
Precision:          single
Memory model:       64 bit
MPI library:        thread_mpi
OpenMP support:     enabled (GMX_OPENMP_MAX_THREADS = 64)
GPU support:        CUDA
SIMD instructions:  AVX2_256
FFT library:        fftw-3.3.5-fma-sse2-avx-avx2-avx2_128-avx512
RDTSCP usage:       enabled
TNG support:        enabled
Hwloc support:      hwloc-1.11.0
Tracing support:    disabled
Built on:           2017-12-25 06:32:16
Built by:           test@devtools-devbox2 [CMAKE]
Build OS/arch:      Linux 4.10.0-37-generic x86_64
Build CPU vendor:   Intel
Build CPU brand:    Intel(R) Core(TM) i7-5930K CPU @ 3.50GHz
Build CPU family:   6   Model: 63   Stepping: 2
Build CPU features: aes apic avx avx2 clfsh cmov cx8 cx16 f16c fma htt intel lahf mmx msr nonstop_tsc pcid pclmuldq pdcm pdpe1gb popcnt pse rdrnd rdtscp sse2 sse3 sse4.1 sse4.2 ssse3 tdt x2apic
C compiler:         /usr/bin/cc GNU 5.4.0
C compiler flags:    -march=core-avx2    -Wundef -Wextra -Wno-missing-field-initializers -Wno-sign-compare -Wpointer-arith -Wall -Wno-unused -Wunused-value -Wunused-parameter  -O3 -DNDEBUG -funroll-all-loops -fexcess-precision=fast  -Wno-array-bounds 
C++ compiler:       /usr/bin/c++ GNU 5.4.0
C++ compiler flags:  -march=core-avx2    -std=c++11  -Wundef -Wextra -Wno-missing-field-initializers -Wpointer-arith -Wmissing-declarations -Wall  -O3 -DNDEBUG -funroll-all-loops -fexcess-precision=fast  -Wno-array-bounds 
CUDA compiler:      /usr/local/cuda-8.0/bin/nvcc nvcc: NVIDIA (R) Cuda compiler driver;Copyright (c) 2005-2016 NVIDIA Corporation;Built on Tue_Jan_10_13:22:03_CST_2017;Cuda compilation tools, release 8.0, V8.0.61
CUDA compiler flags:-gencode;arch=compute_20,code=sm_20;-gencode;arch=compute_30,code=sm_30;-gencode;arch=compute_35,code=sm_35;-gencode;arch=compute_37,code=sm_37;-gencode;arch=compute_50,code=sm_50;-gencode;arch=compute_52,code=sm_52;-gencode;arch=compute_60,code=sm_60;-gencode;arch=compute_61,code=sm_61;-gencode;arch=compute_60,code=compute_60;-gencode;arch=compute_61,code=compute_61;-use_fast_math;-Wno-deprecated-gpu-targets;-D_FORCE_INLINES;; ;-march=core-avx2;-std=c++11;-Wundef;-Wextra;-Wno-missing-field-initializers;-Wpointer-arith;-Wmissing-declarations;-Wall;-O3;-DNDEBUG;-funroll-all-loops;-fexcess-precision=fast;-Wno-array-bounds;
CUDA driver:        9.0
CUDA runtime:       8.0


Running on 1 node with total 6 cores, 12 logical cores, 4 compatible GPUs
Hardware detected:
  CPU info:
    Vendor: Intel
    Brand:  Intel(R) Core(TM) i7-5930K CPU @ 3.50GHz
    Family: 6   Model: 63   Stepping: 2
    Features: aes apic avx avx2 clfsh cmov cx8 cx16 f16c fma htt intel lahf mmx msr nonstop_tsc pcid pclmuldq pdcm pdpe1gb popcnt pse rdrnd rdtscp sse2 sse3 sse4.1 sse4.2 ssse3 tdt x2apic
  Hardware topology: Full, with devices
    Sockets, cores, and logical processors:
      Socket  0: [   0   6] [   1   7] [   2   8] [   3   9] [   4  10] [   5  11]
    Numa nodes:
      Node  0 (67455238144 bytes mem):   0   1   2   3   4   5   6   7   8   9  10  11
      Latency:
               0
         0  1.00
    Caches:
      L1: 32768 bytes, linesize 64 bytes, assoc. 8, shared 2 ways
      L2: 262144 bytes, linesize 64 bytes, assoc. 8, shared 2 ways
      L3: 15728640 bytes, linesize 64 bytes, assoc. 20, shared 12 ways
    PCI devices:
      0000:02:00.0  Id: 144d:a800  Class: 0x0106  Numa: 0
      0000:0a:00.0  Id: 10de:17c2  Class: 0x0300  Numa: 0
      0000:09:00.0  Id: 10de:17c2  Class: 0x0300  Numa: 0
      0000:06:00.0  Id: 10de:17c2  Class: 0x0300  Numa: 0
      0000:05:00.0  Id: 10de:17c2  Class: 0x0300  Numa: 0
      0000:00:19.0  Id: 8086:15a0  Class: 0x0200  Numa: 0
      0000:0e:00.0  Id: 8086:1533  Class: 0x0200  Numa: 0
      0000:0f:00.0  Id: 1b21:0612  Class: 0x0106  Numa: 0
      0000:10:00.0  Id: 1b21:0612  Class: 0x0106  Numa: 0
      0000:00:1f.2  Id: 8086:8d02  Class: 0x0106  Numa: 0
  GPU info:
    Number of GPUs detected: 4
    #0: NVIDIA GeForce GTX TITAN X, compute cap.: 5.2, ECC:  no, stat: compatible
    #1: NVIDIA GeForce GTX TITAN X, compute cap.: 5.2, ECC:  no, stat: compatible
    #2: NVIDIA GeForce GTX TITAN X, compute cap.: 5.2, ECC:  no, stat: compatible
    #3: NVIDIA GeForce GTX TITAN X, compute cap.: 5.2, ECC:  no, stat: compatible


++++ PLEASE READ AND CITE THE FOLLOWING REFERENCE ++++
M. J. Abraham, T. Murtola, R. Schulz, S. Páll, J. C. Smith, B. Hess, E.
Lindahl
GROMACS: High performance molecular simulations through multi-level
parallelism from laptops to supercomputers
SoftwareX 1 (2015) pp. 19-25
-------- -------- --- Thank You --- -------- --------


++++ PLEASE READ AND CITE THE FOLLOWING REFERENCE ++++
S. Páll, M. J. Abraham, C. Kutzner, B. Hess, E. Lindahl
Tackling Exascale Software Challenges in Molecular Dynamics Simulations with
GROMACS
In S. Markidis & E. Laure (Eds.), Solving Software Challenges for Exascale 8759 (2015) pp. 3-27
-------- -------- --- Thank You --- -------- --------


++++ PLEASE READ AND CITE THE FOLLOWING REFERENCE ++++
S. Pronk, S. Páll, R. Schulz, P. Larsson, P. Bjelkmar, R. Apostolov, M. R.
Shirts, J. C. Smith, P. M. Kasson, D. van der Spoel, B. Hess, and E. Lindahl
GROMACS 4.5: a high-throughput and highly parallel open source molecular
simulation toolkit
Bioinformatics 29 (2013) pp. 845-54
-------- -------- --- Thank You --- -------- --------


++++ PLEASE READ AND CITE THE FOLLOWING REFERENCE ++++
B. Hess and C. Kutzner and D. van der Spoel and E. Lindahl
GROMACS 4: Algorithms for highly efficient, load-balanced, and scalable
molecular simulation
J. Chem. Theory Comput. 4 (2008) pp. 435-447
-------- -------- --- Thank You --- -------- --------


++++ PLEASE READ AND CITE THE FOLLOWING REFERENCE ++++
D. van der Spoel, E. Lindahl, B. Hess, G. Groenhof, A. E. Mark and H. J. C.
Berendsen
GROMACS: Fast, Flexible and Free
J. Comp. Chem. 26 (2005) pp. 1701-1719
-------- -------- --- Thank You --- -------- --------


++++ PLEASE READ AND CITE THE FOLLOWING REFERENCE ++++
E. Lindahl and B. Hess and D. van der Spoel
GROMACS 3.0: A package for molecular simulation and trajectory analysis
J. Mol. Mod. 7 (2001) pp. 306-317
-------- -------- --- Thank You --- -------- --------


++++ PLEASE READ AND CITE THE FOLLOWING REFERENCE ++++
H. J. C. Berendsen, D. van der Spoel and R. van Drunen
GROMACS: A message-passing parallel molecular dynamics implementation
Comp. Phys. Comm. 91 (1995) pp. 43-56
-------- -------- --- Thank You --- -------- --------

Input Parameters:
   integrator                     = steep
   tinit                          = 0
   dt                             = 0.001
   nsteps                         = 100000
   init-step                      = 0
   simulation-part                = 1
   comm-mode                      = Linear
   nstcomm                        = 100
   bd-fric                        = 0
   ld-seed                        = 1307262446
   emtol                          = 500
   emstep                         = 0.01
   niter                          = 20
   fcstep                         = 0
   nstcgsteep                     = 1000
   nbfgscorr                      = 10
   rtpi                           = 0.05
   nstxout                        = 0
   nstvout                        = 0
   nstfout                        = 0
   nstlog                         = 1000
   nstcalcenergy                  = 100
   nstenergy                      = 1
   nstxout-compressed             = 0
   compressed-x-precision         = 1000
   cutoff-scheme                  = Verlet
   nstlist                        = 1
   ns-type                        = Grid
   pbc                            = xyz
   periodic-molecules             = false
   verlet-buffer-tolerance        = 0.005
   rlist                          = 1
   coulombtype                    = PME
   coulomb-modifier               = Potential-shift
   rcoulomb-switch                = 0
   rcoulomb                       = 1
   epsilon-r                      = 1
   epsilon-rf                     = inf
   vdw-type                       = Cut-off
   vdw-modifier                   = Potential-shift
   rvdw-switch                    = 0
   rvdw                           = 1
   DispCorr                       = No
   table-extension                = 1
   fourierspacing                 = 0.12
   fourier-nx                     = 48
   fourier-ny                     = 48
   fourier-nz                     = 48
   pme-order                      = 4
   ewald-rtol                     = 1e-05
   ewald-rtol-lj                  = 0.001
   lj-pme-comb-rule               = Geometric
   ewald-geometry                 = 0
   epsilon-surface                = 0
   implicit-solvent               = No
   gb-algorithm                   = Still
   nstgbradii                     = 1
   rgbradii                       = 1
   gb-epsilon-solvent             = 80
   gb-saltconc                    = 0
   gb-obc-alpha                   = 1
   gb-obc-beta                    = 0.8
   gb-obc-gamma                   = 4.85
   gb-dielectric-offset           = 0.009
   sa-algorithm                   = Ace-approximation
   sa-surface-tension             = 2.05016
   tcoupl                         = No
   nsttcouple                     = -1
   nh-chain-length                = 0
   print-nose-hoover-chain-variables = false
   pcoupl                         = No
   pcoupltype                     = Isotropic
   nstpcouple                     = -1
   tau-p                          = 1
   compressibility (3x3):
      compressibility[    0]={ 0.00000e+00,  0.00000e+00,  0.00000e+00}
      compressibility[    1]={ 0.00000e+00,  0.00000e+00,  0.00000e+00}
      compressibility[    2]={ 0.00000e+00,  0.00000e+00,  0.00000e+00}
   ref-p (3x3):
      ref-p[    0]={ 0.00000e+00,  0.00000e+00,  0.00000e+00}
      ref-p[    1]={ 0.00000e+00,  0.00000e+00,  0.00000e+00}
      ref-p[    2]={ 0.00000e+00,  0.00000e+00,  0.00000e+00}
   refcoord-scaling               = No
   posres-com (3):
      posres-com[0]= 0.00000e+00
      posres-com[1]= 0.00000e+00
      posres-com[2]= 0.00000e+00
   posres-comB (3):
      posres-comB[0]= 0.00000e+00
      posres-comB[1]= 0.00000e+00
      posres-comB[2]= 0.00000e+00
   QMMM                           = false
   QMconstraints                  = 0
   QMMMscheme                     = 0
   MMChargeScaleFactor            = 1
qm-opts:
   ngQM                           = 0
   constraint-algorithm           = Lincs
   continuation                   = false
   Shake-SOR                      = false
   shake-tol                      = 0.0001
   lincs-order                    = 4
   lincs-iter                     = 1
   lincs-warnangle                = 30
   nwall                          = 0
   wall-type                      = 9-3
   wall-r-linpot                  = -1
   wall-atomtype[0]               = -1
   wall-atomtype[1]               = -1
   wall-density[0]                = 0
   wall-density[1]                = 0
   wall-ewald-zfac                = 3
   pull                           = false
   awh                            = false
   rotation                       = false
   interactiveMD                  = false
   disre                          = No
   disre-weighting                = Conservative
   disre-mixed                    = false
   dr-fc                          = 1000
   dr-tau                         = 0
   nstdisreout                    = 100
   orire-fc                       = 0
   orire-tau                      = 0
   nstorireout                    = 100
   free-energy                    = no
   cos-acceleration               = 0
   deform (3x3):
      deform[    0]={ 0.00000e+00,  0.00000e+00,  0.00000e+00}
      deform[    1]={ 0.00000e+00,  0.00000e+00,  0.00000e+00}
      deform[    2]={ 0.00000e+00,  0.00000e+00,  0.00000e+00}
   simulated-tempering            = false
   swapcoords                     = no
   userint1                       = 0
   userint2                       = 0
   userint3                       = 0
   userint4                       = 0
   userreal1                      = 0
   userreal2                      = 0
   userreal3                      = 0
   userreal4                      = 0
   applied-forces:
     electric-field:
       x:
         E0                       = 0
         omega                    = 0
         t0                       = 0
         sigma                    = 0
       y:
         E0                       = 0
         omega                    = 0
         t0                       = 0
         sigma                    = 0
       z:
         E0                       = 0
         omega                    = 0
         t0                       = 0
         sigma                    = 0
grpopts:
   nrdf:        1482
   ref-t:           0
   tau-t:           0
annealing:          No
annealing-npoints:           0
   acc:	           0           0           0
   nfreeze:           N           N           N
   energygrp-flags[  0]: 0

Using 1 MPI thread
Using 6 OpenMP threads 

1 GPU auto-selected for this run.
Mapping of GPU IDs to the 2 GPU tasks in the 1 rank on this node:
  PP:0,PME:0
System total charge: 2.000
Will do PME sum in reciprocal space for electrostatic interactions.

++++ PLEASE READ AND CITE THE FOLLOWING REFERENCE ++++
U. Essmann, L. Perera, M. L. Berkowitz, T. Darden, H. Lee and L. G. Pedersen 
A smooth particle mesh Ewald method
J. Chem. Phys. 103 (1995) pp. 8577-8592
-------- -------- --- Thank You --- -------- --------

Using a Gaussian width (1/beta) of 0.320163 nm for Ewald
Potential shift: LJ r^-12: -1.000e+00 r^-6: -1.000e+00, Ewald -1.000e-05
Initialized non-bonded Ewald correction tables, spacing: 9.33e-04 size: 1073

Generated table with 1000 data points for 1-4 COUL.
Tabscale = 500 points/nm
Generated table with 1000 data points for 1-4 LJ6.
Tabscale = 500 points/nm
Generated table with 1000 data points for 1-4 LJ12.
Tabscale = 500 points/nm

Using GPU 8x8 nonbonded short-range kernels

Using a 8x4 pair-list setup:
  updated every 1 steps, buffer 0.000 nm, rlist 1.000 nm

Using Lorentz-Berthelot Lennard-Jones combination rule

Removing pbc first time

Pinning threads with an auto-selected logical core stride of 2
Initiating Steepest Descents
Started Steepest Descents on rank 0 Fri Jan  5 18:07:12 2018

Steepest Descents:
   Tolerance (Fmax)   =  5.00000e+02
   Number of steps    =       100000
           Step           Time
              0        0.00000

   Energies (kJ/mol)
           Bond          Angle    Proper Dih.  Improper Dih.          LJ-14
    2.28571e+03    1.52229e+02    1.56267e+03    3.33356e-01    8.36420e+02
     Coulomb-14        LJ (SR)   Coulomb (SR)   Coul. recip.      Potential
    5.73791e+03   -2.55820e+02   -1.04626e+04    1.59534e+03    1.45220e+03
 Pressure (bar)
    0.00000e+00

           Step           Time
              1        1.00000

   Energies (kJ/mol)
           Bond          Angle    Proper Dih.  Improper Dih.          LJ-14
    5.19754e+02    4.84110e+02    1.54731e+03    8.29696e+00    7.57823e+02
     Coulomb-14        LJ (SR)   Coulomb (SR)   Coul. recip.      Potential
    5.73247e+03   -3.34250e+02   -1.04648e+04    1.56578e+03   -1.83540e+02
 Pressure (bar)
    0.00000e+00

           Step           Time
              2        2.00000

           Step           Time
              3        3.00000

   Energies (kJ/mol)
           Bond          Angle    Proper Dih.  Improper Dih.          LJ-14
    3.18874e+02    1.37794e+02    1.55004e+03    5.72429e+00    7.60599e+02
     Coulomb-14        LJ (SR)   Coulomb (SR)   Coul. recip.      Potential
    5.72750e+03   -3.52391e+02   -1.04450e+04    1.56873e+03   -7.28082e+02
 Pressure (bar)
    0.00000e+00

           Step           Time
              4        4.00000

   Energies (kJ/mol)
           Bond          Angle    Proper Dih.  Improper Dih.          LJ-14
    3.18807e+02    2.57694e+02    1.54699e+03    9.85314e+00    7.13344e+02
     Coulomb-14        LJ (SR)   Coulomb (SR)   Coul. recip.      Potential
    5.72078e+03   -3.90542e+02   -1.04645e+04    1.54667e+03   -7.40944e+02
 Pressure (bar)
    0.00000e+00

           Step           Time
              5        5.00000

   Energies (kJ/mol)
           Bond          Angle    Proper Dih.  Improper Dih.          LJ-14
    3.42137e+02    1.41671e+02    1.54828e+03    9.86195e+00    7.21029e+02
     Coulomb-14        LJ (SR)   Coulomb (SR)   Coul. recip.      Potential
    5.72042e+03   -4.04052e+02   -1.04270e+04    1.56095e+03   -7.86706e+02
 Pressure (bar)
    0.00000e+00

           Step           Time
              6        6.00000

           Step           Time
              7        7.00000

   Energies (kJ/mol)
           Bond          Angle    Proper Dih.  Improper Dih.          LJ-14
    9.93753e+01    1.24223e+02    1.54652e+03    1.08894e+01    7.00127e+02
     Coulomb-14        LJ (SR)   Coulomb (SR)   Coul. recip.      Potential
    5.71560e+03   -4.14467e+02   -1.04480e+04    1.54628e+03   -1.11949e+03
 Pressure (bar)
    0.00000e+00

           Step           Time
              8        8.00000

           Step           Time
              9        9.00000

   Energies (kJ/mol)
           Bond          Angle    Proper Dih.  Improper Dih.          LJ-14
    1.18438e+02    1.18872e+02    1.54533e+03    1.22522e+01    6.87498e+02
     Coulomb-14        LJ (SR)   Coulomb (SR)   Coul. recip.      Potential
    5.71245e+03   -4.38378e+02   -1.04329e+04    1.54874e+03   -1.12769e+03
 Pressure (bar)
    0.00000e+00

           Step           Time
             10       10.00000

   Energies (kJ/mol)
           Bond          Angle    Proper Dih.  Improper Dih.          LJ-14
    9.93078e+01    1.24785e+02    1.54446e+03    1.28129e+01    6.74160e+02
     Coulomb-14        LJ (SR)   Coulomb (SR)   Coul. recip.      Potential
    5.70667e+03   -4.46585e+02   -1.04454e+04    1.53684e+03   -1.19292e+03
 Pressure (bar)
    0.00000e+00

           Step           Time
             11       11.00000

           Step           Time
             12       12.00000

   Energies (kJ/mol)
           Bond          Angle    Proper Dih.  Improper Dih.          LJ-14
    6.45969e+01    1.13741e+02    1.54412e+03    1.29954e+01    6.72426e+02
     Coulomb-14        LJ (SR)   Coulomb (SR)   Coul. recip.      Potential
    5.70594e+03   -4.52980e+02   -1.04386e+04    1.54008e+03   -1.23764e+03
 Pressure (bar)
    0.00000e+00

           Step           Time
             13       13.00000

   Energies (kJ/mol)
           Bond          Angle    Proper Dih.  Improper Dih.          LJ-14
    9.11338e+01    1.24158e+02    1.54216e+03    1.41334e+01    6.52426e+02
     Coulomb-14        LJ (SR)   Coulomb (SR)   Coul. recip.      Potential
    5.69715e+03   -4.77027e+02   -1.04388e+04    1.52927e+03   -1.26541e+03
 Pressure (bar)
    0.00000e+00

           Step           Time
             14       14.00000

   Energies (kJ/mol)
           Bond          Angle    Proper Dih.  Improper Dih.          LJ-14
    6.03464e+01    1.17095e+02    1.54192e+03    1.42716e+01    6.50810e+02
     Coulomb-14        LJ (SR)   Coulomb (SR)   Coul. recip.      Potential
    5.69583e+03   -4.81901e+02   -1.04342e+04    1.53290e+03   -1.30295e+03
 Pressure (bar)
    0.00000e+00

           Step           Time
             15       15.00000

           Step           Time
             16       16.00000

   Energies (kJ/mol)
           Bond          Angle    Proper Dih.  Improper Dih.          LJ-14
    6.57578e+01    1.20212e+02    1.54103e+03    1.45548e+01    6.44133e+02
     Coulomb-14        LJ (SR)   Coulomb (SR)   Coul. recip.      Potential
    5.69256e+03   -4.90028e+02   -1.04341e+04    1.52785e+03   -1.31805e+03
 Pressure (bar)
    0.00000e+00

           Step           Time
             17       17.00000

   Energies (kJ/mol)
           Bond          Angle    Proper Dih.  Improper Dih.          LJ-14
    6.02267e+01    1.19449e+02    1.54062e+03    1.47655e+01    6.40630e+02
     Coulomb-14        LJ (SR)   Coulomb (SR)   Coul. recip.      Potential
    5.69031e+03   -4.95631e+02   -1.04319e+04    1.52916e+03   -1.33242e+03
 Pressure (bar)
    0.00000e+00

           Step           Time
             18       18.00000

   Energies (kJ/mol)
           Bond          Angle    Proper Dih.  Improper Dih.          LJ-14
    7.19844e+01    1.23251e+02    1.53962e+03    1.50269e+01    6.33970e+02
     Coulomb-14        LJ (SR)   Coulomb (SR)   Coul. recip.      Potential
    5.68699e+03   -5.03637e+02   -1.04316e+04    1.52305e+03   -1.34131e+03
 Pressure (bar)
    0.00000e+00

           Step           Time
             19       19.00000

   Energies (kJ/mol)
           Bond          Angle    Proper Dih.  Improper Dih.          LJ-14
    6.17741e+01    1.21987e+02    1.53935e+03    1.52220e+01    6.31125e+02
     Coulomb-14        LJ (SR)   Coulomb (SR)   Coul. recip.      Potential
    5.68492e+03   -5.08163e+02   -1.04297e+04    1.52566e+03   -1.35781e+03
 Pressure (bar)
    0.00000e+00

           Step           Time
             20       20.00000

           Step           Time
             21       21.00000

   Energies (kJ/mol)
           Bond          Angle    Proper Dih.  Improper Dih.          LJ-14
    5.96764e+01    1.22882e+02    1.53879e+03    1.53246e+01    6.27991e+02
     Coulomb-14        LJ (SR)   Coulomb (SR)   Coul. recip.      Potential
    5.68337e+03   -5.11865e+02   -1.04293e+04    1.52192e+03   -1.37126e+03
 Pressure (bar)
    0.00000e+00

           Step           Time
             22       22.00000

   Energies (kJ/mol)
           Bond          Angle    Proper Dih.  Improper Dih.          LJ-14
    6.26309e+01    1.24385e+02    1.53809e+03    1.56283e+01    6.22379e+02
     Coulomb-14        LJ (SR)   Coulomb (SR)   Coul. recip.      Potential
    5.67977e+03   -5.19365e+02   -1.04275e+04    1.52206e+03   -1.38195e+03
 Pressure (bar)
    0.00000e+00

           Step           Time
             23       23.00000

   Energies (kJ/mol)
           Bond          Angle    Proper Dih.  Improper Dih.          LJ-14
    6.48879e+01    1.25711e+02    1.53739e+03    1.57286e+01    6.18868e+02
     Coulomb-14        LJ (SR)   Coulomb (SR)   Coul. recip.      Potential
    5.67801e+03   -5.23519e+02   -1.04269e+04    1.51707e+03   -1.39274e+03
 Pressure (bar)
    0.00000e+00

           Step           Time
             24       24.00000

   Energies (kJ/mol)
           Bond          Angle    Proper Dih.  Improper Dih.          LJ-14
    6.58326e+01    1.26564e+02    1.53702e+03    1.59537e+01    6.15285e+02
     Coulomb-14        LJ (SR)   Coulomb (SR)   Coul. recip.      Potential
    5.67543e+03   -5.28304e+02   -1.04257e+04    1.51926e+03   -1.39863e+03
 Pressure (bar)
    0.00000e+00

           Step           Time
             25       25.00000

   Energies (kJ/mol)
           Bond          Angle    Proper Dih.  Improper Dih.          LJ-14
    7.62800e+01    1.28576e+02    1.53618e+03    1.60364e+01    6.11603e+02
     Coulomb-14        LJ (SR)   Coulomb (SR)   Coul. recip.      Potential
    5.67361e+03   -5.32616e+02   -1.04248e+04    1.51270e+03   -1.40248e+03
 Pressure (bar)
    0.00000e+00

           Step           Time
             26       26.00000

   Energies (kJ/mol)
           Bond          Angle    Proper Dih.  Improper Dih.          LJ-14
    7.33394e+01    1.29034e+02    1.53600e+03    1.62563e+01    6.08723e+02
     Coulomb-14        LJ (SR)   Coulomb (SR)   Coul. recip.      Potential
    5.67125e+03   -5.36440e+02   -1.04239e+04    1.51690e+03   -1.40884e+03
 Pressure (bar)
    0.00000e+00

           Step           Time
             27       27.00000

           Step           Time
             28       28.00000

   Energies (kJ/mol)
           Bond          Angle    Proper Dih.  Improper Dih.          LJ-14
    5.79530e+01    1.27934e+02    1.53549e+03    1.62760e+01    6.06885e+02
     Coulomb-14        LJ (SR)   Coulomb (SR)   Coul. recip.      Potential
    5.67039e+03   -5.38562e+02   -1.04233e+04    1.51247e+03   -1.43449e+03
 Pressure (bar)
    0.00000e+00

           Step           Time
             29       29.00000

   Energies (kJ/mol)
           Bond          Angle    Proper Dih.  Improper Dih.          LJ-14
    7.62095e+01    1.32171e+02    1.53427e+03    1.67185e+01    5.98355e+02
     Coulomb-14        LJ (SR)   Coulomb (SR)   Coul. recip.      Potential
    5.66448e+03   -5.48975e+02   -1.04209e+04    1.51198e+03   -1.43568e+03
 Pressure (bar)
    0.00000e+00

           Step           Time
             30       30.00000

   Energies (kJ/mol)
           Bond          Angle    Proper Dih.  Improper Dih.          LJ-14
    6.67693e+01    1.31462e+02    1.53359e+03    1.67233e+01    5.96279e+02
     Coulomb-14        LJ (SR)   Coulomb (SR)   Coul. recip.      Potential
    5.66352e+03   -5.51397e+02   -1.04201e+04    1.50583e+03   -1.45730e+03
 Pressure (bar)
    0.00000e+00

           Step           Time
             31       31.00000

           Step           Time
             32       32.00000

   Energies (kJ/mol)
           Bond          Angle    Proper Dih.  Improper Dih.          LJ-14
    5.76415e+01    1.31289e+02    1.53342e+03    1.68454e+01    5.94470e+02
     Coulomb-14        LJ (SR)   Coulomb (SR)   Coul. recip.      Potential
    5.66203e+03   -5.53591e+02   -1.04196e+04    1.50773e+03   -1.46976e+03
 Pressure (bar)
    0.00000e+00

           Step           Time
             33       33.00000

           Step           Time
             34       34.00000

   Energies (kJ/mol)
           Bond          Angle    Proper Dih.  Improper Dih.          LJ-14
    5.93484e+01    1.31834e+02    1.53286e+03    1.69127e+01    5.92121e+02
     Coulomb-14        LJ (SR)   Coulomb (SR)   Coul. recip.      Potential
    5.66055e+03   -5.56376e+02   -1.04188e+04    1.50456e+03   -1.47696e+03
 Pressure (bar)
    0.00000e+00

           Step           Time
             35       35.00000

   Energies (kJ/mol)
           Bond          Angle    Proper Dih.  Improper Dih.          LJ-14
    5.80676e+01    1.32536e+02    1.53250e+03    1.70477e+01    5.89646e+02
     Coulomb-14        LJ (SR)   Coulomb (SR)   Coul. recip.      Potential
    5.65864e+03   -5.59321e+02   -1.04180e+04    1.50521e+03   -1.48371e+03
 Pressure (bar)
    0.00000e+00

           Step           Time
             36       36.00000

   Energies (kJ/mol)
           Bond          Angle    Proper Dih.  Improper Dih.          LJ-14
    6.43715e+01    1.33534e+02    1.53178e+03    1.71236e+01    5.86819e+02
     Coulomb-14        LJ (SR)   Coulomb (SR)   Coul. recip.      Potential
    5.65685e+03   -5.62645e+02   -1.04170e+04    1.50091e+03   -1.48830e+03
 Pressure (bar)
    0.00000e+00

           Step           Time
             37       37.00000

   Energies (kJ/mol)
           Bond          Angle    Proper Dih.  Improper Dih.          LJ-14
    5.92932e+01    1.33876e+02    1.53156e+03    1.72512e+01    5.84878e+02
     Coulomb-14        LJ (SR)   Coulomb (SR)   Coul. recip.      Potential
    5.65520e+03   -5.64932e+02   -1.04165e+04    1.50279e+03   -1.49659e+03
 Pressure (bar)
    0.00000e+00

           Step           Time
             38       38.00000

           Step           Time
             39       39.00000

   Energies (kJ/mol)
           Bond          Angle    Proper Dih.  Improper Dih.          LJ-14
    5.79524e+01    1.33899e+02    1.53113e+03    1.72838e+01    5.83348e+02
     Coulomb-14        LJ (SR)   Coulomb (SR)   Coul. recip.      Potential
    5.65423e+03   -5.66719e+02   -1.04159e+04    1.49994e+03   -1.50485e+03
 Pressure (bar)
    0.00000e+00

           Step           Time
             40       40.00000

   Energies (kJ/mol)
           Bond          Angle    Proper Dih.  Improper Dih.          LJ-14
    5.92090e+01    1.35057e+02    1.53057e+03    1.74477e+01    5.80128e+02
     Coulomb-14        LJ (SR)   Coulomb (SR)   Coul. recip.      Potential
    5.65169e+03   -5.70472e+02   -1.04149e+04    1.49998e+03   -1.51129e+03
 Pressure (bar)
    0.00000e+00

           Step           Time
             41       41.00000

   Energies (kJ/mol)
           Bond          Angle    Proper Dih.  Improper Dih.          LJ-14
    6.34079e+01    1.35636e+02    1.52995e+03    1.74936e+01    5.78012e+02
     Coulomb-14        LJ (SR)   Coulomb (SR)   Coul. recip.      Potential
    5.65032e+03   -5.72928e+02   -1.04141e+04    1.49587e+03   -1.51635e+03
 Pressure (bar)
    0.00000e+00

           Step           Time
             42       42.00000

   Energies (kJ/mol)
           Bond          Angle    Proper Dih.  Improper Dih.          LJ-14
    6.02142e+01    1.36182e+02    1.52972e+03    1.76171e+01    5.76123e+02
     Coulomb-14        LJ (SR)   Coulomb (SR)   Coul. recip.      Potential
    5.64863e+03   -5.75114e+02   -1.04135e+04    1.49773e+03   -1.52244e+03
 Pressure (bar)
    0.00000e+00

           Step           Time
             43       43.00000

           Step           Time
             44       44.00000

   Energies (kJ/mol)
           Bond          Angle    Proper Dih.  Improper Dih.          LJ-14
    5.79081e+01    1.36031e+02    1.52931e+03    1.76392e+01    5.74849e+02
     Coulomb-14        LJ (SR)   Coulomb (SR)   Coul. recip.      Potential
    5.64781e+03   -5.76585e+02   -1.04130e+04    1.49487e+03   -1.53121e+03
 Pressure (bar)
    0.00000e+00

           Step           Time
             45       45.00000

   Energies (kJ/mol)
           Bond          Angle    Proper Dih.  Improper Dih.          LJ-14
    5.96276e+01    1.37244e+02    1.52872e+03    1.77994e+01    5.71687e+02
     Coulomb-14        LJ (SR)   Coulomb (SR)   Coul. recip.      Potential
    5.64519e+03   -5.80214e+02   -1.04120e+04    1.49481e+03   -1.53713e+03
 Pressure (bar)
    0.00000e+00

           Step           Time
             46       46.00000

   Energies (kJ/mol)
           Bond          Angle    Proper Dih.  Improper Dih.          LJ-14
    6.40526e+01    1.37761e+02    1.52811e+03    1.78356e+01    5.69818e+02
     Coulomb-14        LJ (SR)   Coulomb (SR)   Coul. recip.      Potential
    5.64394e+03   -5.82368e+02   -1.04113e+04    1.49065e+03   -1.54150e+03
 Pressure (bar)
    0.00000e+00

           Step           Time
             47       47.00000

   Energies (kJ/mol)
           Bond          Angle    Proper Dih.  Improper Dih.          LJ-14
    6.02991e+01    1.38230e+02    1.52790e+03    1.79486e+01    5.68160e+02
     Coulomb-14        LJ (SR)   Coulomb (SR)   Coul. recip.      Potential
    5.64236e+03   -5.84254e+02   -1.04108e+04    1.49262e+03   -1.54750e+03
 Pressure (bar)
    0.00000e+00

           Step           Time
             48       48.00000

           Step           Time
             49       49.00000

   Energies (kJ/mol)
           Bond          Angle    Proper Dih.  Improper Dih.          LJ-14
    5.83642e+01    1.38079e+02    1.52750e+03    1.79679e+01    5.66996e+02
     Coulomb-14        LJ (SR)   Coulomb (SR)   Coul. recip.      Potential
    5.64158e+03   -5.85593e+02   -1.04103e+04    1.48974e+03   -1.55568e+03
 Pressure (bar)
    0.00000e+00

           Step           Time
             50       50.00000

   Energies (kJ/mol)
           Bond          Angle    Proper Dih.  Improper Dih.          LJ-14
    5.98448e+01    1.39168e+02    1.52698e+03    1.81069e+01    5.64343e+02
     Coulomb-14        LJ (SR)   Coulomb (SR)   Coul. recip.      Potential
    5.63924e+03   -5.88602e+02   -1.04094e+04    1.48994e+03   -1.56038e+03
 Pressure (bar)
    0.00000e+00

           Step           Time
             51       51.00000

   Energies (kJ/mol)
           Bond          Angle    Proper Dih.  Improper Dih.          LJ-14
    6.45706e+01    1.39664e+02    1.52639e+03    1.81380e+01    5.62652e+02
     Coulomb-14        LJ (SR)   Coulomb (SR)   Coul. recip.      Potential
    5.63807e+03   -5.90541e+02   -1.04088e+04    1.48579e+03   -1.56407e+03
 Pressure (bar)
    0.00000e+00

           Step           Time
             52       52.00000

   Energies (kJ/mol)
           Bond          Angle    Proper Dih.  Improper Dih.          LJ-14
    6.06017e+01    1.40102e+02    1.52619e+03    1.82427e+01    5.61155e+02
     Coulomb-14        LJ (SR)   Coulomb (SR)   Coul. recip.      Potential
    5.63657e+03   -5.92219e+02   -1.04083e+04    1.48784e+03   -1.56979e+03
 Pressure (bar)
    0.00000e+00

           Step           Time
             53       53.00000

           Step           Time
             54       54.00000

   Energies (kJ/mol)
           Bond          Angle    Proper Dih.  Improper Dih.          LJ-14
    5.87123e+01    1.39922e+02    1.52580e+03    1.82588e+01    5.60108e+02
     Coulomb-14        LJ (SR)   Coulomb (SR)   Coul. recip.      Potential
    5.63584e+03   -5.93419e+02   -1.04079e+04    1.48497e+03   -1.57770e+03
 Pressure (bar)
    0.00000e+00

           Step           Time
             55       55.00000

   Energies (kJ/mol)
           Bond          Angle    Proper Dih.  Improper Dih.          LJ-14
    6.02408e+01    1.40981e+02    1.52530e+03    1.83872e+01    5.57706e+02
     Coulomb-14        LJ (SR)   Coulomb (SR)   Coul. recip.      Potential
    5.63361e+03   -5.96116e+02   -1.04070e+04    1.48525e+03   -1.58165e+03
 Pressure (bar)
    0.00000e+00

           Step           Time
             56       56.00000

   Energies (kJ/mol)
           Bond          Angle    Proper Dih.  Improper Dih.          LJ-14
    6.49171e+01    1.41424e+02    1.52473e+03    1.84129e+01    5.56196e+02
     Coulomb-14        LJ (SR)   Coulomb (SR)   Coul. recip.      Potential
    5.63253e+03   -5.97843e+02   -1.04065e+04    1.48114e+03   -1.58501e+03
 Pressure (bar)
    0.00000e+00

           Step           Time
             57       57.00000

   Energies (kJ/mol)
           Bond          Angle    Proper Dih.  Improper Dih.          LJ-14
    6.11012e+01    1.41874e+02    1.52454e+03    1.85125e+01    5.54813e+02
     Coulomb-14        LJ (SR)   Coulomb (SR)   Coul. recip.      Potential
    5.63107e+03   -5.99375e+02   -1.04060e+04    1.48324e+03   -1.59020e+03
 Pressure (bar)
    0.00000e+00

           Step           Time
             58       58.00000

           Step           Time
             59       59.00000

   Energies (kJ/mol)
           Bond          Angle    Proper Dih.  Improper Dih.          LJ-14
    5.89990e+01    1.41643e+02    1.52417e+03    1.85247e+01    5.53883e+02
     Coulomb-14        LJ (SR)   Coulomb (SR)   Coul. recip.      Potential
    5.63041e+03   -6.00438e+02   -1.04057e+04    1.48039e+03   -1.59809e+03
 Pressure (bar)
    0.00000e+00

           Step           Time
             60       60.00000

   Energies (kJ/mol)
           Bond          Angle    Proper Dih.  Improper Dih.          LJ-14
    6.07656e+01    1.42720e+02    1.52367e+03    1.86477e+01    5.51610e+02
     Coulomb-14        LJ (SR)   Coulomb (SR)   Coul. recip.      Potential
    5.62821e+03   -6.02968e+02   -1.04048e+04    1.48069e+03   -1.60148e+03
 Pressure (bar)
    0.00000e+00

           Step           Time
             61       61.00000

   Energies (kJ/mol)
           Bond          Angle    Proper Dih.  Improper Dih.          LJ-14
    6.51756e+01    1.43091e+02    1.52313e+03    1.86688e+01    5.50272e+02
     Coulomb-14        LJ (SR)   Coulomb (SR)   Coul. recip.      Potential
    5.62723e+03   -6.04493e+02   -1.04044e+04    1.47661e+03   -1.60475e+03
 Pressure (bar)
    0.00000e+00

           Step           Time
             62       62.00000

   Energies (kJ/mol)
           Bond          Angle    Proper Dih.  Improper Dih.          LJ-14
    6.17386e+01    1.43584e+02    1.52294e+03    1.87634e+01    5.48973e+02
     Coulomb-14        LJ (SR)   Coulomb (SR)   Coul. recip.      Potential
    5.62579e+03   -6.05916e+02   -1.04039e+04    1.47875e+03   -1.60925e+03
 Pressure (bar)
    0.00000e+00

           Step           Time
             63       63.00000

           Step           Time
             64       64.00000

   Energies (kJ/mol)
           Bond          Angle    Proper Dih.  Improper Dih.          LJ-14
    5.92599e+01    1.43288e+02    1.52259e+03    1.87725e+01    5.48155e+02
     Coulomb-14        LJ (SR)   Coulomb (SR)   Coul. recip.      Potential
    5.62520e+03   -6.06852e+02   -1.04036e+04    1.47593e+03   -1.61730e+03
 Pressure (bar)
    0.00000e+00

           Step           Time
             65       65.00000

   Energies (kJ/mol)
           Bond          Angle    Proper Dih.  Improper Dih.          LJ-14
    6.13794e+01    1.44415e+02    1.52207e+03    1.88929e+01    5.45939e+02
     Coulomb-14        LJ (SR)   Coulomb (SR)   Coul. recip.      Potential
    5.62297e+03   -6.09297e+02   -1.04028e+04    1.47618e+03   -1.62023e+03
 Pressure (bar)
    0.00000e+00

           Step           Time
             66       66.00000

   Energies (kJ/mol)
           Bond          Angle    Proper Dih.  Improper Dih.          LJ-14
    6.53966e+01    1.44704e+02    1.52155e+03    1.89084e+01    5.44762e+02
     Coulomb-14        LJ (SR)   Coulomb (SR)   Coul. recip.      Potential
    5.62210e+03   -6.10640e+02   -1.04025e+04    1.47213e+03   -1.62358e+03
 Pressure (bar)
    0.00000e+00

           Step           Time
             67       67.00000

   Energies (kJ/mol)
           Bond          Angle    Proper Dih.  Improper Dih.          LJ-14
    6.24771e+01    1.45258e+02    1.52137e+03    1.89993e+01    5.43530e+02
     Coulomb-14        LJ (SR)   Coulomb (SR)   Coul. recip.      Potential
    5.62067e+03   -6.11974e+02   -1.04019e+04    1.47432e+03   -1.62727e+03
 Pressure (bar)
    0.00000e+00

           Step           Time
             68       68.00000

           Step           Time
             69       69.00000

   Energies (kJ/mol)
           Bond          Angle    Proper Dih.  Improper Dih.          LJ-14
    5.95196e+01    1.44889e+02    1.52103e+03    1.90055e+01    5.42813e+02
     Coulomb-14        LJ (SR)   Coulomb (SR)   Coul. recip.      Potential
    5.62015e+03   -6.12794e+02   -1.04018e+04    1.47152e+03   -1.63562e+03
 Pressure (bar)
    0.00000e+00

           Step           Time
             70       70.00000

   Energies (kJ/mol)
           Bond          Angle    Proper Dih.  Improper Dih.          LJ-14
    6.20502e+01    1.46087e+02    1.52049e+03    1.91247e+01    5.40609e+02
     Coulomb-14        LJ (SR)   Coulomb (SR)   Coul. recip.      Potential
    5.61785e+03   -6.15206e+02   -1.04009e+04    1.47168e+03   -1.63820e+03
 Pressure (bar)
    0.00000e+00

           Step           Time
             71       71.00000

   Energies (kJ/mol)
           Bond          Angle    Proper Dih.  Improper Dih.          LJ-14
    6.56384e+01    1.46289e+02    1.51999e+03    1.91361e+01    5.39574e+02
     Coulomb-14        LJ (SR)   Coulomb (SR)   Coul. recip.      Potential
    5.61706e+03   -6.16389e+02   -1.04007e+04    1.46766e+03   -1.64174e+03
 Pressure (bar)
    0.00000e+00

           Step           Time
             72       72.00000

   Energies (kJ/mol)
           Bond          Angle    Proper Dih.  Improper Dih.          LJ-14
    6.32732e+01    1.46914e+02    1.51981e+03    1.92235e+01    5.38400e+02
     Coulomb-14        LJ (SR)   Coulomb (SR)   Coul. recip.      Potential
    5.61566e+03   -6.17644e+02   -1.04001e+04    1.46989e+03   -1.64458e+03
 Pressure (bar)
    0.00000e+00

           Step           Time
             73       73.00000

           Step           Time
             74       74.00000

   Energies (kJ/mol)
           Bond          Angle    Proper Dih.  Improper Dih.          LJ-14
    5.98073e+01    1.46464e+02    1.51949e+03    1.92270e+01    5.37773e+02
     Coulomb-14        LJ (SR)   Coulomb (SR)   Coul. recip.      Potential
    5.61520e+03   -6.18362e+02   -1.04000e+04    1.46710e+03   -1.65332e+03
 Pressure (bar)
    0.00000e+00

           Step           Time
             75       75.00000

   Energies (kJ/mol)
           Bond          Angle    Proper Dih.  Improper Dih.          LJ-14
    6.27473e+01    1.47746e+02    1.51891e+03    1.93460e+01    5.35562e+02
     Coulomb-14        LJ (SR)   Coulomb (SR)   Coul. recip.      Potential
    5.61281e+03   -6.20764e+02   -1.03991e+04    1.46715e+03   -1.65563e+03
 Pressure (bar)
    0.00000e+00

           Step           Time
             76       76.00000

   Energies (kJ/mol)
           Bond          Angle    Proper Dih.  Improper Dih.          LJ-14
    6.59427e+01    1.47865e+02    1.51844e+03    1.93540e+01    5.34650e+02
     Coulomb-14        LJ (SR)   Coulomb (SR)   Coul. recip.      Potential
    5.61212e+03   -6.21805e+02   -1.03990e+04    1.46315e+03   -1.65934e+03
 Pressure (bar)
    0.00000e+00

           Step           Time
             77       77.00000

   Energies (kJ/mol)
           Bond          Angle    Proper Dih.  Improper Dih.          LJ-14
    6.40994e+01    1.48563e+02    1.51826e+03    1.94371e+01    5.33531e+02
     Coulomb-14        LJ (SR)   Coulomb (SR)   Coul. recip.      Potential
    5.61072e+03   -6.22987e+02   -1.03984e+04    1.46542e+03   -1.66140e+03
 Pressure (bar)
    0.00000e+00

           Step           Time
             78       78.00000

           Step           Time
             79       79.00000

   Energies (kJ/mol)
           Bond          Angle    Proper Dih.  Improper Dih.          LJ-14
    6.01339e+01    1.48036e+02    1.51795e+03    1.94382e+01    5.32983e+02
     Coulomb-14        LJ (SR)   Coulomb (SR)   Coul. recip.      Potential
    5.61032e+03   -6.23616e+02   -1.03984e+04    1.46264e+03   -1.67052e+03
 Pressure (bar)
    0.00000e+00

           Step           Time
             80       80.00000

   Energies (kJ/mol)
           Bond          Angle    Proper Dih.  Improper Dih.          LJ-14
    6.34529e+01    1.49400e+02    1.51734e+03    1.95578e+01    5.30759e+02
     Coulomb-14        LJ (SR)   Coulomb (SR)   Coul. recip.      Potential
    5.60784e+03   -6.26010e+02   -1.03975e+04    1.46257e+03   -1.67261e+03
 Pressure (bar)
    0.00000e+00

           Step           Time
             81       81.00000

   Energies (kJ/mol)
           Bond          Angle    Proper Dih.  Improper Dih.          LJ-14
    6.63210e+01    1.49441e+02    1.51688e+03    1.95630e+01    5.29956e+02
     Coulomb-14        LJ (SR)   Coulomb (SR)   Coul. recip.      Potential
    5.60722e+03   -6.26927e+02   -1.03975e+04    1.45858e+03   -1.67649e+03
 Pressure (bar)
    0.00000e+00

           Step           Time
             82       82.00000

   Energies (kJ/mol)
           Bond          Angle    Proper Dih.  Improper Dih.          LJ-14
    6.49405e+01    1.50211e+02    1.51672e+03    1.96429e+01    5.28890e+02
     Coulomb-14        LJ (SR)   Coulomb (SR)   Coul. recip.      Potential
    5.60585e+03   -6.28039e+02   -1.03969e+04    1.46090e+03   -1.67780e+03
 Pressure (bar)
    0.00000e+00

           Step           Time
             83       83.00000

           Step           Time
             84       84.00000

   Energies (kJ/mol)
           Bond          Angle    Proper Dih.  Improper Dih.          LJ-14
    6.05008e+01    1.49608e+02    1.51642e+03    1.96425e+01    5.28411e+02
     Coulomb-14        LJ (SR)   Coulomb (SR)   Coul. recip.      Potential
    5.60550e+03   -6.28590e+02   -1.03970e+04    1.45813e+03   -1.68733e+03
 Pressure (bar)
    0.00000e+00

           Step           Time
             85       85.00000

   Energies (kJ/mol)
           Bond          Angle    Proper Dih.  Improper Dih.          LJ-14
    6.41632e+01    1.51056e+02    1.51577e+03    1.97602e+01    5.26181e+02
     Coulomb-14        LJ (SR)   Coulomb (SR)   Coul. recip.      Potential
    5.60293e+03   -6.30965e+02   -1.03961e+04    1.45793e+03   -1.68924e+03
 Pressure (bar)
    0.00000e+00

           Step           Time
             86       86.00000

   Energies (kJ/mol)
           Bond          Angle    Proper Dih.  Improper Dih.          LJ-14
    6.67697e+01    1.51025e+02    1.51533e+03    1.97621e+01    5.25474e+02
     Coulomb-14        LJ (SR)   Coulomb (SR)   Coul. recip.      Potential
    5.60239e+03   -6.31772e+02   -1.03962e+04    1.45395e+03   -1.69325e+03
 Pressure (bar)
    0.00000e+00

           Step           Time
             87       87.00000

   Energies (kJ/mol)
           Bond          Angle    Proper Dih.  Improper Dih.          LJ-14
    6.57837e+01    1.51862e+02    1.51517e+03    1.98386e+01    5.24460e+02
     Coulomb-14        LJ (SR)   Coulomb (SR)   Coul. recip.      Potential
    5.60103e+03   -6.32816e+02   -1.03955e+04    1.45632e+03   -1.69388e+03
 Pressure (bar)
    0.00000e+00

           Step           Time
             88       88.00000

           Step           Time
             89       89.00000

   Energies (kJ/mol)
           Bond          Angle    Proper Dih.  Improper Dih.          LJ-14
    6.09072e+01    1.51185e+02    1.51489e+03    1.98363e+01    5.24042e+02
     Coulomb-14        LJ (SR)   Coulomb (SR)   Coul. recip.      Potential
    5.60073e+03   -6.33296e+02   -1.03956e+04    1.45355e+03   -1.70380e+03
 Pressure (bar)
    0.00000e+00

           Step           Time
             90       90.00000

   Energies (kJ/mol)
           Bond          Angle    Proper Dih.  Improper Dih.          LJ-14
    6.48645e+01    1.52712e+02    1.51420e+03    1.99529e+01    5.21822e+02
     Coulomb-14        LJ (SR)   Coulomb (SR)   Coul. recip.      Potential
    5.59810e+03   -6.35637e+02   -1.03948e+04    1.45323e+03   -1.70551e+03
 Pressure (bar)
    0.00000e+00

           Step           Time
             91       91.00000

   Energies (kJ/mol)
           Bond          Angle    Proper Dih.  Improper Dih.          LJ-14
    6.72782e+01    1.52610e+02    1.51379e+03    1.99530e+01    5.21198e+02
     Coulomb-14        LJ (SR)   Coulomb (SR)   Coul. recip.      Potential
    5.59762e+03   -6.36341e+02   -1.03950e+04    1.44926e+03   -1.70962e+03
 Pressure (bar)
    0.00000e+00

           Step           Time
             92       92.00000

   Energies (kJ/mol)
           Bond          Angle    Proper Dih.  Improper Dih.          LJ-14
    6.66277e+01    1.53513e+02    1.51363e+03    2.00256e+01    5.20236e+02
     Coulomb-14        LJ (SR)   Coulomb (SR)   Coul. recip.      Potential
    5.59629e+03   -6.37322e+02   -1.03943e+04    1.45168e+03   -1.70963e+03
 Pressure (bar)
    0.00000e+00

           Step           Time
             93       93.00000

           Step           Time
             94       94.00000

   Energies (kJ/mol)
           Bond          Angle    Proper Dih.  Improper Dih.          LJ-14
    6.13377e+01    1.52761e+02    1.51336e+03    2.00217e+01    5.19871e+02
     Coulomb-14        LJ (SR)   Coulomb (SR)   Coul. recip.      Potential
    5.59603e+03   -6.37737e+02   -1.03945e+04    1.44892e+03   -1.71993e+03
 Pressure (bar)
    0.00000e+00

           Step           Time
             95       95.00000

   Energies (kJ/mol)
           Bond          Angle    Proper Dih.  Improper Dih.          LJ-14
    6.55787e+01    1.54366e+02    1.51265e+03    2.01362e+01    5.17670e+02
     Coulomb-14        LJ (SR)   Coulomb (SR)   Coul. recip.      Potential
    5.59334e+03   -6.40029e+02   -1.03936e+04    1.44848e+03   -1.72144e+03
 Pressure (bar)
    0.00000e+00

           Step           Time
             96       96.00000

   Energies (kJ/mol)
           Bond          Angle    Proper Dih.  Improper Dih.          LJ-14
    6.78328e+01    1.54193e+02    1.51225e+03    2.01335e+01    5.17124e+02
     Coulomb-14        LJ (SR)   Coulomb (SR)   Coul. recip.      Potential
    5.59292e+03   -6.40641e+02   -1.03940e+04    1.44451e+03   -1.72563e+03
 Pressure (bar)
    0.00000e+00

           Step           Time
             97       97.00000

           Step           Time
             98       98.00000

   Energies (kJ/mol)
           Bond          Angle    Proper Dih.  Improper Dih.          LJ-14
    6.09268e+01    1.54063e+02    1.51217e+03    2.01674e+01    5.16664e+02
     Coulomb-14        LJ (SR)   Coulomb (SR)   Coul. recip.      Potential
    5.59227e+03   -6.41103e+02   -1.03936e+04    1.44573e+03   -1.73271e+03
 Pressure (bar)
    0.00000e+00


Steepest Descents converged to Fmax < 500 in 99 steps
Potential Energy  = -1.7327051e+03
Maximum force     =  3.7004364e+02 on atom 494
Norm of force     =  7.0868243e+01

Simulation ended prematurely, no performance report will be written.
Finished mdrun on rank 0 Fri Jan  5 18:07:13 2018
